<?xml version="1.0" encoding="UTF-8"?>
<!-- Generated by org.testng.reporters.JUnitReportReporter -->
<testsuite skipped="0" hostname="DESKTOP-AFRULSQ" name="com.training.sanity.tests.RealEstateComplextestcasesRETC064" tests="3" failures="0" timestamp="17 Mar 2020 09:53:30 GMT" time="35.866" errors="0">
  <testcase name="validEnquirpropertyORadduser" time="16.564" classname="com.training.sanity.tests.RealEstateComplextestcasesRETC064"/>
  <testcase name="validEnquirpropertyORadduser" time="10.281" classname="com.training.sanity.tests.RealEstateComplextestcasesRETC064"/>
  <testcase name="validEnquirpropertyORadduser" time="9.021" classname="com.training.sanity.tests.RealEstateComplextestcasesRETC064"/>
</testsuite> <!-- com.training.sanity.tests.RealEstateComplextestcasesRETC064 -->
