<?xml version="1.0" encoding="UTF-8"?>
<!-- Generated by org.testng.reporters.JUnitReportReporter -->
<testsuite skipped="0" hostname="DESKTOP-AFRULSQ" name="com.training.sanity.tests.RealEstatetestcases456" tests="1" failures="0" timestamp="13 Mar 2020 09:43:04 GMT" time="42.728" errors="0">
  <testcase name="validLoginTest" time="42.728" classname="com.training.sanity.tests.RealEstatetestcases456"/>
</testsuite> <!-- com.training.sanity.tests.RealEstatetestcases456 -->
