<?xml version="1.0" encoding="UTF-8"?>
<!-- Generated by org.testng.reporters.JUnitReportReporter -->
<testsuite skipped="0" hostname="DESKTOP-AFRULSQ" name="com.training.sanity.tests.RealEstatesimpletestcases4_5_6" tests="1" failures="0" timestamp="12 Mar 2020 09:45:24 GMT" time="37.840" errors="0">
  <testcase name="validLoginTest" time="37.840" classname="com.training.sanity.tests.RealEstatesimpletestcases4_5_6"/>
</testsuite> <!-- com.training.sanity.tests.RealEstatesimpletestcases4_5_6 -->
