<?xml version="1.0" encoding="UTF-8"?>
<!-- Generated by org.testng.reporters.JUnitReportReporter -->
<testsuite skipped="0" hostname="DESKTOP-AFRULSQ" name="com.training.sanity.tests.RealEstatetestcasesRETC034" tests="1" failures="0" timestamp="12 Mar 2020 10:11:09 GMT" time="61.464" errors="0">
  <testcase name="validEnquiryincommercialtab" time="61.464" classname="com.training.sanity.tests.RealEstatetestcasesRETC034"/>
</testsuite> <!-- com.training.sanity.tests.RealEstatetestcasesRETC034 -->
