<?xml version="1.0" encoding="UTF-8"?>
<!-- Generated by org.testng.reporters.JUnitReportReporter -->
<testsuite skipped="0" hostname="DESKTOP-AFRULSQ" name="com.training.sanity.tests.RealEstateMediumtestcasesRETC034_35_36" tests="1" failures="0" timestamp="12 Mar 2020 11:36:25 GMT" time="50.422" errors="0">
  <testcase name="validEnquirpropertyORadduser" time="50.422" classname="com.training.sanity.tests.RealEstateMediumtestcasesRETC034_35_36"/>
</testsuite> <!-- com.training.sanity.tests.RealEstateMediumtestcasesRETC034_35_36 -->
