<?xml version="1.0" encoding="UTF-8"?>
<!-- Generated by org.testng.reporters.JUnitReportReporter -->
<testsuite skipped="0" hostname="DESKTOP-AFRULSQ" name="com.training.sanity.tests.RealEstatetestcasesRETC_035" tests="1" failures="0" timestamp="11 Mar 2020 11:55:02 GMT" time="45.577" errors="0">
  <testcase name="validLoginTest" time="45.577" classname="com.training.sanity.tests.RealEstatetestcasesRETC_035"/>
</testsuite> <!-- com.training.sanity.tests.RealEstatetestcasesRETC_035 -->
