<?xml version="1.0" encoding="UTF-8"?>
<!-- Generated by org.testng.reporters.JUnitReportReporter -->
<testsuite skipped="0" hostname="DESKTOP-AFRULSQ" name="com.training.sanity.tests.RealEstatetestcasesRETC035" tests="1" failures="0" timestamp="12 Mar 2020 07:39:08 GMT" time="39.323" errors="0">
  <testcase name="validAddUserTest" time="39.323" classname="com.training.sanity.tests.RealEstatetestcasesRETC035"/>
</testsuite> <!-- com.training.sanity.tests.RealEstatetestcasesRETC035 -->
