<?xml version="1.0" encoding="UTF-8"?>
<!-- Generated by org.testng.reporters.JUnitReportReporter -->
<testsuite skipped="0" hostname="DESKTOP-AFRULSQ" name="com.training.sanity.tests.RealEstatetestcasesRETC_034" tests="1" failures="0" timestamp="12 Mar 2020 07:25:55 GMT" time="45.046" errors="0">
  <testcase name="validEnquiryincommercialtab" time="45.046" classname="com.training.sanity.tests.RealEstatetestcasesRETC_034"/>
</testsuite> <!-- com.training.sanity.tests.RealEstatetestcasesRETC_034 -->
