<?xml version="1.0" encoding="UTF-8"?>
<!-- Generated by org.testng.reporters.JUnitReportReporter -->
<testsuite skipped="0" hostname="DESKTOP-AFRULSQ" name="com.training.sanity.tests.RealEstateComplextestcasesRETC064" tests="3" failures="0" timestamp="19 Mar 2020 04:55:21 GMT" time="36.418" errors="0">
  <testcase name="validEnquirproperty" time="9.476" classname="com.training.sanity.tests.RealEstateComplextestcasesRETC064"/>
  <testcase name="validEnquirproperty" time="16.043" classname="com.training.sanity.tests.RealEstateComplextestcasesRETC064"/>
  <testcase name="validEnquirproperty" time="10.899" classname="com.training.sanity.tests.RealEstateComplextestcasesRETC064"/>
</testsuite> <!-- com.training.sanity.tests.RealEstateComplextestcasesRETC064 -->
