<?xml version="1.0" encoding="UTF-8"?>
<!-- Generated by org.testng.reporters.JUnitReportReporter -->
<testsuite skipped="0" hostname="DESKTOP-AFRULSQ" name="com.training.sanity.tests.RealEstatetestcasesRETC36" tests="1" failures="0" timestamp="12 Mar 2020 10:15:11 GMT" time="63.804" errors="0">
  <testcase name="validEnquiryincommercialtab" time="63.804" classname="com.training.sanity.tests.RealEstatetestcasesRETC36"/>
</testsuite> <!-- com.training.sanity.tests.RealEstatetestcasesRETC36 -->
