<?xml version="1.0" encoding="UTF-8"?>
<!-- Generated by org.testng.reporters.JUnitReportReporter -->
<testsuite skipped="0" hostname="DESKTOP-AFRULSQ" name="com.training.sanity.tests.RealEstateComplextestcasesRETC66" tests="3" failures="0" timestamp="19 Mar 2020 11:19:34 GMT" time="47.260" errors="0">
  <testcase name="validEnquirproperty" time="23.803" classname="com.training.sanity.tests.RealEstateComplextestcasesRETC66"/>
  <testcase name="validEnquirproperty" time="11.260" classname="com.training.sanity.tests.RealEstateComplextestcasesRETC66"/>
  <testcase name="validEnquirproperty" time="12.197" classname="com.training.sanity.tests.RealEstateComplextestcasesRETC66"/>
</testsuite> <!-- com.training.sanity.tests.RealEstateComplextestcasesRETC66 -->
