<?xml version="1.0" encoding="UTF-8"?>
<!-- Generated by org.testng.reporters.JUnitReportReporter -->
<testsuite skipped="0" hostname="DESKTOP-AFRULSQ" name="com.training.sanity.tests.RealEstatetestcases456" tests="1" failures="0" timestamp="09 Mar 2020 05:57:18 GMT" time="44.226" errors="0">
  <testcase name="validLoginTest" time="44.226" classname="com.training.sanity.tests.RealEstatetestcases456"/>
</testsuite> <!-- com.training.sanity.tests.RealEstatetestcases456 -->
